10:25:37AM 06/28/2022: UpDawg Version 2.2.5b
10:25:38AM 06/28/2022: Loading config
10:25:38AM 06/28/2022: No config file found.
10:25:38AM 06/28/2022: Opening SQL connection
10:25:38AM 06/28/2022: java.lang.ClassNotFoundException: com.mysql.jdbc.Driver10:25:39AM 06/28/2022: Failed to open SQL connection
10:25:39AM 06/28/2022: Opening SQL connection
10:25:39AM 06/28/2022: java.lang.ClassNotFoundException: com.mysql.jdbc.Driver10:25:40AM 06/28/2022: Failed to open SQL connection
10:25:40AM 06/28/2022: Opening SQL connection
10:25:40AM 06/28/2022: java.lang.ClassNotFoundException: com.mysql.jdbc.Driver10:25:41AM 06/28/2022: Failed to open SQL connection
10:25:41AM 06/28/2022: Opening SQL connection
10:25:41AM 06/28/2022: java.lang.ClassNotFoundException: com.mysql.jdbc.Driver10:25:42AM 06/28/2022: Failed to open SQL connection
10:25:42AM 06/28/2022: Opening SQL connection
10:25:42AM 06/28/2022: java.lang.ClassNotFoundException: com.mysql.jdbc.Driver10:25:43AM 06/28/2022: Failed to open SQL connection
10:25:43AM 06/28/2022: Opening SQL connection
10:25:43AM 06/28/2022: java.lang.ClassNotFoundException: com.mysql.jdbc.Driver10:25:44AM 06/28/2022: Failed to open SQL connection
10:25:44AM 06/28/2022: Opening SQL connection
10:25:44AM 06/28/2022: java.lang.ClassNotFoundException: com.mysql.jdbc.Driver10:25:45AM 06/28/2022: Failed to open SQL connection
10:25:45AM 06/28/2022: Opening SQL connection
10:25:45AM 06/28/2022: java.lang.ClassNotFoundException: com.mysql.jdbc.Driver10:25:46AM 06/28/2022: Failed to open SQL connection
10:25:46AM 06/28/2022: Opening SQL connection
10:25:46AM 06/28/2022: java.lang.ClassNotFoundException: com.mysql.jdbc.Driver10:25:47AM 06/28/2022: Failed to open SQL connection
10:25:47AM 06/28/2022: Opening SQL connection
10:25:47AM 06/28/2022: java.lang.ClassNotFoundException: com.mysql.jdbc.Driver10:25:48AM 06/28/2022: Failed to open SQL connection
10:25:48AM 06/28/2022: Opening SQL connection
10:25:48AM 06/28/2022: java.lang.ClassNotFoundException: com.mysql.jdbc.Driver10:25:49AM 06/28/2022: Failed to open SQL connection
10:25:49AM 06/28/2022: Opening SQL connection
10:25:49AM 06/28/2022: java.lang.ClassNotFoundException: com.mysql.jdbc.Driver10:25:50AM 06/28/2022: Failed to open SQL connection
10:25:50AM 06/28/2022: Opening SQL connection
10:25:50AM 06/28/2022: java.lang.ClassNotFoundException: com.mysql.jdbc.Driver